{"name":"method_4[0]","status":"failed","statusDetails":{"known":false,"muted":false,"flaky":false,"message":"Multiple Failures (2 failures)\r\n\torg.openqa.selenium.SessionNotCreatedException: session not created\nfrom chrome not reachable\n  (Session info: chrome=86.0.4240.75)\nBuild info: version: '4.0.0-alpha-3', revision: '8c567de6dc'\nSystem info: host: 'GML-STEREBOVSHE', ip: '10.103.1.241', os.name: 'Windows 10', os.arch: 'amd64', os.version: '10.0', java.version: '15'\nDriver info: driver.version: ChromeDriver\nremote stacktrace: Backtrace:\n\tOrdinal0 [0x0167C013+3194899]\n\tOrdinal0 [0x01566021+2056225]\n\tOrdinal0 [0x013FF4B0+586928]\n\tOrdinal0 [0x013F5894+546964]\n\tOrdinal0 [0x013F5F2C+548652]\n\tOrdinal0 [0x013F7175+553333]\n\tOrdinal0 [0x013F241E+533534]\n\tOrdinal0 [0x01400620+591392]\n\tOrdinal0 [0x013A2A0C+207372]\n\tOrdinal0 [0x013A1D0D+204045]\n\tOrdinal0 [0x0139FC1B+195611]\n\tOrdinal0 [0x01383B7F+80767]\n\tOrdinal0 [0x01384B4E+84814]\n\tOrdinal0 [0x01384AD9+84697]\n\tOrdinal0 [0x0157CE64+2149988]\n\tGetHandleVerifier [0x017EBE95+1400773]\n\tGetHandleVerifier [0x017EBB61+1399953]\n\tGetHandleVerifier [0x017F31FA+1430314]\n\tGetHandleVerifier [0x017EC69F+1402831]\n\tOrdinal0 [0x01573D61+2112865]\n\tOrdinal0 [0x0157E5CB+2155979]\n\tOrdinal0 [0x0157E6F5+2156277]\n\tOrdinal0 [0x0158F26E+2224750]\n\tBaseThreadInitThunk [0x77010419+25]\n\tRtlGetAppContainerNamedObjectPath [0x7787662D+237]\n\tRtlGetAppContainerNamedObjectPath [0x778765FD+189]\n\r\n\tjava.lang.NullPointerException: Cannot invoke \"org.openqa.selenium.WebDriver.quit()\" because \"this.driver\" is null","trace":"org.opentest4j.MultipleFailuresError: Multiple Failures (2 failures)\r\n\torg.openqa.selenium.SessionNotCreatedException: session not created\nfrom chrome not reachable\n  (Session info: chrome=86.0.4240.75)\nBuild info: version: '4.0.0-alpha-3', revision: '8c567de6dc'\nSystem info: host: 'GML-STEREBOVSHE', ip: '10.103.1.241', os.name: 'Windows 10', os.arch: 'amd64', os.version: '10.0', java.version: '15'\nDriver info: driver.version: ChromeDriver\nremote stacktrace: Backtrace:\n\tOrdinal0 [0x0167C013+3194899]\n\tOrdinal0 [0x01566021+2056225]\n\tOrdinal0 [0x013FF4B0+586928]\n\tOrdinal0 [0x013F5894+546964]\n\tOrdinal0 [0x013F5F2C+548652]\n\tOrdinal0 [0x013F7175+553333]\n\tOrdinal0 [0x013F241E+533534]\n\tOrdinal0 [0x01400620+591392]\n\tOrdinal0 [0x013A2A0C+207372]\n\tOrdinal0 [0x013A1D0D+204045]\n\tOrdinal0 [0x0139FC1B+195611]\n\tOrdinal0 [0x01383B7F+80767]\n\tOrdinal0 [0x01384B4E+84814]\n\tOrdinal0 [0x01384AD9+84697]\n\tOrdinal0 [0x0157CE64+2149988]\n\tGetHandleVerifier [0x017EBE95+1400773]\n\tGetHandleVerifier [0x017EBB61+1399953]\n\tGetHandleVerifier [0x017F31FA+1430314]\n\tGetHandleVerifier [0x017EC69F+1402831]\n\tOrdinal0 [0x01573D61+2112865]\n\tOrdinal0 [0x0157E5CB+2155979]\n\tOrdinal0 [0x0157E6F5+2156277]\n\tOrdinal0 [0x0158F26E+2224750]\n\tBaseThreadInitThunk [0x77010419+25]\n\tRtlGetAppContainerNamedObjectPath [0x7787662D+237]\n\tRtlGetAppContainerNamedObjectPath [0x778765FD+189]\n\r\n\tjava.lang.NullPointerException: Cannot invoke \"org.openqa.selenium.WebDriver.quit()\" because \"this.driver\" is null\r\n\tat org.junit.vintage.engine.execution.TestRun.getStoredResultOrSuccessful(TestRun.java:196)\r\n\tat org.junit.vintage.engine.execution.RunListenerAdapter.fireExecutionFinished(RunListenerAdapter.java:226)\r\n\tat org.junit.vintage.engine.execution.RunListenerAdapter.testFinished(RunListenerAdapter.java:192)\r\n\tat org.junit.vintage.engine.execution.RunListenerAdapter.testFinished(RunListenerAdapter.java:79)\r\n\tat org.junit.runner.notification.SynchronizedRunListener.testFinished(SynchronizedRunListener.java:56)\r\n\tat org.junit.runner.notification.RunNotifier$7.notifyListener(RunNotifier.java:190)\r\n\tat org.junit.runner.notification.RunNotifier$SafeNotifier.run(RunNotifier.java:72)\r\n\tat org.junit.runner.notification.RunNotifier.fireTestFinished(RunNotifier.java:187)\r\n\tat org.junit.internal.runners.model.EachTestNotifier.fireTestFinished(EachTestNotifier.java:38)\r\n\tat org.junit.runners.ParentRunner.runLeaf(ParentRunner.java:331)\r\n\tat org.junit.runners.BlockJUnit4ClassRunner.runChild(BlockJUnit4ClassRunner.java:78)\r\n\tat org.junit.runners.BlockJUnit4ClassRunner.runChild(BlockJUnit4ClassRunner.java:57)\r\n\tat org.junit.runners.ParentRunner$3.run(ParentRunner.java:290)\r\n\tat org.junit.runners.ParentRunner$1.schedule(ParentRunner.java:71)\r\n\tat org.junit.runners.ParentRunner.runChildren(ParentRunner.java:288)\r\n\tat org.junit.runners.ParentRunner.access$000(ParentRunner.java:58)\r\n\tat org.junit.runners.ParentRunner$2.evaluate(ParentRunner.java:268)\r\n\tat org.junit.runners.ParentRunner.run(ParentRunner.java:363)\r\n\tat org.junit.runners.Suite.runChild(Suite.java:128)\r\n\tat org.junit.runners.Suite.runChild(Suite.java:27)\r\n\tat org.junit.runners.ParentRunner$3.run(ParentRunner.java:290)\r\n\tat org.junit.runners.ParentRunner$1.schedule(ParentRunner.java:71)\r\n\tat org.junit.runners.ParentRunner.runChildren(ParentRunner.java:288)\r\n\tat org.junit.runners.ParentRunner.access$000(ParentRunner.java:58)\r\n\tat org.junit.runners.ParentRunner$2.evaluate(ParentRunner.java:268)\r\n\tat org.junit.runners.ParentRunner.run(ParentRunner.java:363)\r\n\tat org.junit.runner.JUnitCore.run(JUnitCore.java:137)\r\n\tat org.junit.runner.JUnitCore.run(JUnitCore.java:115)\r\n\tat org.junit.vintage.engine.execution.RunnerExecutor.execute(RunnerExecutor.java:43)\r\n\tat java.base/java.util.stream.ForEachOps$ForEachOp$OfRef.accept(ForEachOps.java:183)\r\n\tat java.base/java.util.stream.ReferencePipeline$3$1.accept(ReferencePipeline.java:195)\r\n\tat java.base/java.util.Iterator.forEachRemaining(Iterator.java:133)\r\n\tat java.base/java.util.Spliterators$IteratorSpliterator.forEachRemaining(Spliterators.java:1801)\r\n\tat java.base/java.util.stream.AbstractPipeline.copyInto(AbstractPipeline.java:484)\r\n\tat java.base/java.util.stream.AbstractPipeline.wrapAndCopyInto(AbstractPipeline.java:474)\r\n\tat java.base/java.util.stream.ForEachOps$ForEachOp.evaluateSequential(ForEachOps.java:150)\r\n\tat java.base/java.util.stream.ForEachOps$ForEachOp$OfRef.evaluateSequential(ForEachOps.java:173)\r\n\tat java.base/java.util.stream.AbstractPipeline.evaluate(AbstractPipeline.java:234)\r\n\tat java.base/java.util.stream.ReferencePipeline.forEach(ReferencePipeline.java:497)\r\n\tat org.junit.vintage.engine.VintageTestEngine.executeAllChildren(VintageTestEngine.java:82)\r\n\tat org.junit.vintage.engine.VintageTestEngine.execute(VintageTestEngine.java:73)\r\n\tat org.junit.platform.launcher.core.DefaultLauncher.execute(DefaultLauncher.java:229)\r\n\tat org.junit.platform.launcher.core.DefaultLauncher.lambda$execute$6(DefaultLauncher.java:197)\r\n\tat org.junit.platform.launcher.core.DefaultLauncher.withInterceptedStreams(DefaultLauncher.java:211)\r\n\tat org.junit.platform.launcher.core.DefaultLauncher.execute(DefaultLauncher.java:191)\r\n\tat org.junit.platform.launcher.core.DefaultLauncher.execute(DefaultLauncher.java:128)\r\n\tat org.apache.maven.surefire.junitplatform.JUnitPlatformProvider.invokeAllTests(JUnitPlatformProvider.java:150)\r\n\tat org.apache.maven.surefire.junitplatform.JUnitPlatformProvider.invoke(JUnitPlatformProvider.java:124)\r\n\tat org.apache.maven.surefire.booter.ForkedBooter.invokeProviderInSameClassLoader(ForkedBooter.java:384)\r\n\tat org.apache.maven.surefire.booter.ForkedBooter.runSuitesInProcess(ForkedBooter.java:345)\r\n\tat org.apache.maven.surefire.booter.ForkedBooter.execute(ForkedBooter.java:126)\r\n\tat org.apache.maven.surefire.booter.ForkedBooter.main(ForkedBooter.java:418)\r\n"},"stage":"finished","description":"","steps":[],"attachments":[],"parameters":[],"start":1603098437244,"stop":1603098451003,"uuid":"1500c9e7-e995-4a0d-b0eb-897586a36f9b","historyId":"7e227870c03aab8be9f5f9e420e90ee2","fullName":"test.AppTest.method_4","labels":[{"name":"host","value":"GML-STerebovshev"},{"name":"thread","value":"13696@GML-STerebovshev.main(1)"},{"name":"framework","value":"junit-platform"},{"name":"language","value":"java"},{"name":"package","value":"test.AppTest"},{"name":"testClass","value":"test.AppTest"},{"name":"testMethod","value":"method_4"},{"name":"suite","value":"test.AppTest"}],"links":[]}